harput-app/app/build/intermediates/manifest_merge_blame_file/debug/processDebugMainManifest/manifest-merger-blame-debug-report.txt
1<?xml version="1.0" encoding="utf-8"?>
2<manifest xmlns:android="http://schemas.android.com/apk/res/android"
3    package="com.mirasiharput"
4    android:versionCode="1"
5    android:versionName="1.0.0" >
6
7    <uses-sdk
8        android:minSdkVersion="26"
9        android:targetSdkVersion="35" />
10
11    <uses-feature
11-->src/main/AndroidManifest.xml:4:5-6:35
12        android:name="android.hardware.camera"
12-->src/main/AndroidManifest.xml:5:9-47
13        android:required="true" />
13-->src/main/AndroidManifest.xml:6:9-32
14
15    <!-- AR deneyimi opsiyoneldir; ARCore desteklemeyen cihazlar uygulamayı yine kullanabilir. -->
16    <uses-feature
16-->src/main/AndroidManifest.xml:9:5-11:36
17        android:name="android.hardware.camera.ar"
17-->src/main/AndroidManifest.xml:10:9-50
18        android:required="false" />
18-->src/main/AndroidManifest.xml:11:9-33
19
20    <uses-permission android:name="android.permission.CAMERA" />
20-->src/main/AndroidManifest.xml:13:5-65
20-->src/main/AndroidManifest.xml:13:22-62
21    <!-- ARCore IMU sensörlerini 200 Hz üstünde örnekler; Android 12+ için zorunludur. -->
22    <uses-permission android:name="android.permission.HIGH_SAMPLING_RATE_SENSORS" />
22-->src/main/AndroidManifest.xml:15:5-85
22-->src/main/AndroidManifest.xml:15:22-82
23    <uses-permission android:name="android.permission.INTERNET" />
23-->src/main/AndroidManifest.xml:16:5-67
23-->src/main/AndroidManifest.xml:16:22-64
24    <uses-permission android:name="android.permission.FOREGROUND_SERVICE" />
24-->src/main/AndroidManifest.xml:17:5-77
24-->src/main/AndroidManifest.xml:17:22-74
25    <uses-permission android:name="android.permission.FOREGROUND_SERVICE_MEDIA_PLAYBACK" />
25-->src/main/AndroidManifest.xml:18:5-92
25-->src/main/AndroidManifest.xml:18:22-89
26    <uses-permission android:name="android.permission.POST_NOTIFICATIONS" />
26-->src/main/AndroidManifest.xml:19:5-77
26-->src/main/AndroidManifest.xml:19:22-74
27
28    <!-- SceneView requires OpenGLES 3.0 or later for 3D rendering. -->
29    <uses-feature
29-->[io.github.sceneview:sceneview:2.3.0] AndroidManifest.xml:11:5-13:35
30        android:glEsVersion="0x00030000"
30-->[io.github.sceneview:sceneview:2.3.0] AndroidManifest.xml:12:9-41
31        android:required="true" />
31-->[io.github.sceneview:sceneview:2.3.0] AndroidManifest.xml:13:9-32
32
33    <permission
33-->[androidx.core:core:1.16.0] AndroidManifest.xml:22:5-24:47
34        android:name="com.mirasiharput.DYNAMIC_RECEIVER_NOT_EXPORTED_PERMISSION"
34-->[androidx.core:core:1.16.0] AndroidManifest.xml:23:9-81
35        android:protectionLevel="signature" />
35-->[androidx.core:core:1.16.0] AndroidManifest.xml:24:9-44
36
37    <uses-permission android:name="com.mirasiharput.DYNAMIC_RECEIVER_NOT_EXPORTED_PERMISSION" />
37-->[androidx.core:core:1.16.0] AndroidManifest.xml:26:5-97
37-->[androidx.core:core:1.16.0] AndroidManifest.xml:26:22-94
38
39    <queries>
39-->[com.google.ar:core:1.48.0] AndroidManifest.xml:20:5-27:15
40        <package android:name="com.google.ar.core" />
40-->[com.google.ar:core:1.48.0] AndroidManifest.xml:21:9-54
40-->[com.google.ar:core:1.48.0] AndroidManifest.xml:21:18-51
41        <package android:name="com.android.vending" />
41-->[com.google.ar:core:1.48.0] AndroidManifest.xml:22:9-55
41-->[com.google.ar:core:1.48.0] AndroidManifest.xml:22:18-52
42
43        <intent>
43-->[com.google.ar:core:1.48.0] AndroidManifest.xml:24:9-26:18
44            <action android:name="com.google.android.play.core.install.BIND_INSTALL_SERVICE" />
44-->[com.google.ar:core:1.48.0] AndroidManifest.xml:25:13-96
44-->[com.google.ar:core:1.48.0] AndroidManifest.xml:25:21-93
45        </intent>
46    </queries> <!-- Although the *SdkVersion is captured in gradle build files, this is required for non gradle builds -->
47    <!-- <uses-sdk android:minSdkVersion="14"/> -->
48    <uses-permission android:name="android.permission.ACCESS_NETWORK_STATE" />
48-->[com.google.android.datatransport:transport-backend-cct:2.3.3] AndroidManifest.xml:25:5-79
48-->[com.google.android.datatransport:transport-backend-cct:2.3.3] AndroidManifest.xml:25:22-76
49
50    <application
50-->src/main/AndroidManifest.xml:21:5-49:19
51        android:allowBackup="true"
51-->src/main/AndroidManifest.xml:22:9-35
52        android:appComponentFactory="androidx.core.app.CoreComponentFactory"
52-->[androidx.core:core:1.16.0] AndroidManifest.xml:28:18-86
53        android:debuggable="true"
54        android:extractNativeLibs="false"
55        android:icon="@mipmap/ic_launcher"
55-->src/main/AndroidManifest.xml:23:9-43
56        android:label="@string/app_name"
56-->src/main/AndroidManifest.xml:24:9-41
57        android:networkSecurityConfig="@xml/network_security_config"
57-->src/main/AndroidManifest.xml:27:9-69
58        android:roundIcon="@mipmap/ic_launcher_round"
58-->src/main/AndroidManifest.xml:25:9-54
59        android:supportsRtl="true"
59-->src/main/AndroidManifest.xml:26:9-35
60        android:testOnly="true"
61        android:theme="@style/Theme.MirasiHarput" >
61-->src/main/AndroidManifest.xml:28:9-50
62        <meta-data
62-->src/main/AndroidManifest.xml:30:9-32:40
63            android:name="com.google.ar.core"
63-->src/main/AndroidManifest.xml:31:13-46
64            android:value="optional" />
64-->src/main/AndroidManifest.xml:32:13-37
65
66        <activity
66-->src/main/AndroidManifest.xml:34:9-43:20
67            android:name="com.mirasiharput.MainActivity"
67-->src/main/AndroidManifest.xml:35:13-41
68            android:exported="true"
68-->src/main/AndroidManifest.xml:36:13-36
69            android:screenOrientation="portrait"
69-->src/main/AndroidManifest.xml:37:13-49
70            android:theme="@style/Theme.MirasiHarput" >
70-->src/main/AndroidManifest.xml:38:13-54
71            <intent-filter>
71-->src/main/AndroidManifest.xml:39:13-42:29
72                <action android:name="android.intent.action.MAIN" />
72-->src/main/AndroidManifest.xml:40:17-69
72-->src/main/AndroidManifest.xml:40:25-66
73
74                <category android:name="android.intent.category.LAUNCHER" />
74-->src/main/AndroidManifest.xml:41:17-77
74-->src/main/AndroidManifest.xml:41:27-74
75            </intent-filter>
76        </activity>
77
78        <service
78-->src/main/AndroidManifest.xml:45:9-48:61
79            android:name="com.mirasiharput.features.locationExperience.AudioPlaybackService"
79-->src/main/AndroidManifest.xml:46:13-77
80            android:exported="false"
80-->src/main/AndroidManifest.xml:47:13-37
81            android:foregroundServiceType="mediaPlayback" />
81-->src/main/AndroidManifest.xml:48:13-58
82        <service
82-->[com.google.android.gms:play-services-mlkit-barcode-scanning:18.3.1] AndroidManifest.xml:9:9-15:19
83            android:name="com.google.mlkit.common.internal.MlKitComponentDiscoveryService"
83-->[com.google.android.gms:play-services-mlkit-barcode-scanning:18.3.1] AndroidManifest.xml:10:13-91
84            android:directBootAware="true"
84-->[com.google.mlkit:common:18.11.0] AndroidManifest.xml:17:13-43
85            android:exported="false" >
85-->[com.google.android.gms:play-services-mlkit-barcode-scanning:18.3.1] AndroidManifest.xml:11:13-37
86            <meta-data
86-->[com.google.android.gms:play-services-mlkit-barcode-scanning:18.3.1] AndroidManifest.xml:12:13-14:85
87                android:name="com.google.firebase.components:com.google.mlkit.vision.barcode.internal.BarcodeRegistrar"
87-->[com.google.android.gms:play-services-mlkit-barcode-scanning:18.3.1] AndroidManifest.xml:13:17-120
88                android:value="com.google.firebase.components.ComponentRegistrar" />
88-->[com.google.android.gms:play-services-mlkit-barcode-scanning:18.3.1] AndroidManifest.xml:14:17-82
89            <meta-data
89-->[com.google.mlkit:vision-common:17.3.0] AndroidManifest.xml:12:13-14:85
90                android:name="com.google.firebase.components:com.google.mlkit.vision.common.internal.VisionCommonRegistrar"
90-->[com.google.mlkit:vision-common:17.3.0] AndroidManifest.xml:13:17-124
91                android:value="com.google.firebase.components.ComponentRegistrar" />
91-->[com.google.mlkit:vision-common:17.3.0] AndroidManifest.xml:14:17-82
92            <meta-data
92-->[com.google.mlkit:common:18.11.0] AndroidManifest.xml:20:13-22:85
93                android:name="com.google.firebase.components:com.google.mlkit.common.internal.CommonComponentRegistrar"
93-->[com.google.mlkit:common:18.11.0] AndroidManifest.xml:21:17-120
94                android:value="com.google.firebase.components.ComponentRegistrar" />
94-->[com.google.mlkit:common:18.11.0] AndroidManifest.xml:22:17-82
95        </service>
96
97        <provider
97-->[com.google.mlkit:common:18.11.0] AndroidManifest.xml:9:9-13:38
98            android:name="com.google.mlkit.common.internal.MlKitInitProvider"
98-->[com.google.mlkit:common:18.11.0] AndroidManifest.xml:10:13-78
99            android:authorities="com.mirasiharput.mlkitinitprovider"
99-->[com.google.mlkit:common:18.11.0] AndroidManifest.xml:11:13-69
100            android:exported="false"
100-->[com.google.mlkit:common:18.11.0] AndroidManifest.xml:12:13-37
101            android:initOrder="99" />
101-->[com.google.mlkit:common:18.11.0] AndroidManifest.xml:13:13-35
102
103        <activity
103-->[com.google.android.gms:play-services-base:18.5.0] AndroidManifest.xml:5:9-173
104            android:name="com.google.android.gms.common.api.GoogleApiActivity"
104-->[com.google.android.gms:play-services-base:18.5.0] AndroidManifest.xml:5:19-85
105            android:exported="false"
105-->[com.google.android.gms:play-services-base:18.5.0] AndroidManifest.xml:5:146-170
106            android:theme="@android:style/Theme.Translucent.NoTitleBar" />
106-->[com.google.android.gms:play-services-base:18.5.0] AndroidManifest.xml:5:86-145
107
108        <meta-data
108-->[com.google.android.gms:play-services-basement:18.4.0] AndroidManifest.xml:6:9-122
109            android:name="com.google.android.gms.version"
109-->[com.google.android.gms:play-services-basement:18.4.0] AndroidManifest.xml:6:20-65
110            android:value="@integer/google_play_services_version" />
110-->[com.google.android.gms:play-services-basement:18.4.0] AndroidManifest.xml:6:66-119
111
112        <service
112-->[androidx.camera:camera-camera2:1.4.2] AndroidManifest.xml:24:9-33:19
113            android:name="androidx.camera.core.impl.MetadataHolderService"
113-->[androidx.camera:camera-camera2:1.4.2] AndroidManifest.xml:25:13-75
114            android:enabled="false"
114-->[androidx.camera:camera-camera2:1.4.2] AndroidManifest.xml:26:13-36
115            android:exported="false" >
115-->[androidx.camera:camera-camera2:1.4.2] AndroidManifest.xml:27:13-37
116            <meta-data
116-->[androidx.camera:camera-camera2:1.4.2] AndroidManifest.xml:30:13-32:89
117                android:name="androidx.camera.core.impl.MetadataHolderService.DEFAULT_CONFIG_PROVIDER"
117-->[androidx.camera:camera-camera2:1.4.2] AndroidManifest.xml:31:17-103
118                android:value="androidx.camera.camera2.Camera2Config$DefaultProvider" />
118-->[androidx.camera:camera-camera2:1.4.2] AndroidManifest.xml:32:17-86
119        </service>
120
121        <activity
121-->[androidx.compose.ui:ui-tooling-android:1.7.8] AndroidManifest.xml:23:9-25:39
122            android:name="androidx.compose.ui.tooling.PreviewActivity"
122-->[androidx.compose.ui:ui-tooling-android:1.7.8] AndroidManifest.xml:24:13-71
123            android:exported="true" />
123-->[androidx.compose.ui:ui-tooling-android:1.7.8] AndroidManifest.xml:25:13-36
124
125        <provider
125-->[androidx.emoji2:emoji2:1.3.0] AndroidManifest.xml:24:9-32:20
126            android:name="androidx.startup.InitializationProvider"
126-->[androidx.emoji2:emoji2:1.3.0] AndroidManifest.xml:25:13-67
127            android:authorities="com.mirasiharput.androidx-startup"
127-->[androidx.emoji2:emoji2:1.3.0] AndroidManifest.xml:26:13-68
128            android:exported="false" >
128-->[androidx.emoji2:emoji2:1.3.0] AndroidManifest.xml:27:13-37
129            <meta-data
129-->[androidx.emoji2:emoji2:1.3.0] AndroidManifest.xml:29:13-31:52
130                android:name="androidx.emoji2.text.EmojiCompatInitializer"
130-->[androidx.emoji2:emoji2:1.3.0] AndroidManifest.xml:30:17-75
131                android:value="androidx.startup" />
131-->[androidx.emoji2:emoji2:1.3.0] AndroidManifest.xml:31:17-49
132            <meta-data
132-->[androidx.lifecycle:lifecycle-process:2.8.7] AndroidManifest.xml:29:13-31:52
133                android:name="androidx.lifecycle.ProcessLifecycleInitializer"
133-->[androidx.lifecycle:lifecycle-process:2.8.7] AndroidManifest.xml:30:17-78
134                android:value="androidx.startup" />
134-->[androidx.lifecycle:lifecycle-process:2.8.7] AndroidManifest.xml:31:17-49
135            <meta-data
135-->[androidx.profileinstaller:profileinstaller:1.3.1] AndroidManifest.xml:29:13-31:52
136                android:name="androidx.profileinstaller.ProfileInstallerInitializer"
136-->[androidx.profileinstaller:profileinstaller:1.3.1] AndroidManifest.xml:30:17-85
137                android:value="androidx.startup" />
137-->[androidx.profileinstaller:profileinstaller:1.3.1] AndroidManifest.xml:31:17-49
138        </provider>
139
140        <activity
140-->[androidx.compose.ui:ui-test-manifest:1.7.8] AndroidManifest.xml:23:9-25:39
141            android:name="androidx.activity.ComponentActivity"
141-->[androidx.compose.ui:ui-test-manifest:1.7.8] AndroidManifest.xml:24:13-63
142            android:exported="true" />
142-->[androidx.compose.ui:ui-test-manifest:1.7.8] AndroidManifest.xml:25:13-36
143
144        <receiver
144-->[androidx.profileinstaller:profileinstaller:1.3.1] AndroidManifest.xml:34:9-52:20
145            android:name="androidx.profileinstaller.ProfileInstallReceiver"
145-->[androidx.profileinstaller:profileinstaller:1.3.1] AndroidManifest.xml:35:13-76
146            android:directBootAware="false"
146-->[androidx.profileinstaller:profileinstaller:1.3.1] AndroidManifest.xml:36:13-44
147            android:enabled="true"
147-->[androidx.profileinstaller:profileinstaller:1.3.1] AndroidManifest.xml:37:13-35
148            android:exported="true"
148-->[androidx.profileinstaller:profileinstaller:1.3.1] AndroidManifest.xml:38:13-36
149            android:permission="android.permission.DUMP" >
149-->[androidx.profileinstaller:profileinstaller:1.3.1] AndroidManifest.xml:39:13-57
150            <intent-filter>
150-->[androidx.profileinstaller:profileinstaller:1.3.1] AndroidManifest.xml:40:13-42:29
151                <action android:name="androidx.profileinstaller.action.INSTALL_PROFILE" />
151-->[androidx.profileinstaller:profileinstaller:1.3.1] AndroidManifest.xml:41:17-91
151-->[androidx.profileinstaller:profileinstaller:1.3.1] AndroidManifest.xml:41:25-88
152            </intent-filter>
153            <intent-filter>
153-->[androidx.profileinstaller:profileinstaller:1.3.1] AndroidManifest.xml:43:13-45:29
154                <action android:name="androidx.profileinstaller.action.SKIP_FILE" />
154-->[androidx.profileinstaller:profileinstaller:1.3.1] AndroidManifest.xml:44:17-85
154-->[androidx.profileinstaller:profileinstaller:1.3.1] AndroidManifest.xml:44:25-82
155            </intent-filter>
156            <intent-filter>
156-->[androidx.profileinstaller:profileinstaller:1.3.1] AndroidManifest.xml:46:13-48:29
157                <action android:name="androidx.profileinstaller.action.SAVE_PROFILE" />
157-->[androidx.profileinstaller:profileinstaller:1.3.1] AndroidManifest.xml:47:17-88
157-->[androidx.profileinstaller:profileinstaller:1.3.1] AndroidManifest.xml:47:25-85
158            </intent-filter>
159            <intent-filter>
159-->[androidx.profileinstaller:profileinstaller:1.3.1] AndroidManifest.xml:49:13-51:29
160                <action android:name="androidx.profileinstaller.action.BENCHMARK_OPERATION" />
160-->[androidx.profileinstaller:profileinstaller:1.3.1] AndroidManifest.xml:50:17-95
160-->[androidx.profileinstaller:profileinstaller:1.3.1] AndroidManifest.xml:50:25-92
161            </intent-filter>
162        </receiver> <!-- The minimal version code of ARCore APK required for an app using this SDK. -->
163        <meta-data
163-->[com.google.ar:core:1.48.0] AndroidManifest.xml:32:9-34:41
164            android:name="com.google.ar.core.min_apk_version"
164-->[com.google.ar:core:1.48.0] AndroidManifest.xml:33:13-62
165            android:value="250210000" /> <!-- This activity is critical for installing ARCore when it is not already present. -->
165-->[com.google.ar:core:1.48.0] AndroidManifest.xml:34:13-38
166        <activity
166-->[com.google.ar:core:1.48.0] AndroidManifest.xml:36:9-42:80
167            android:name="com.google.ar.core.InstallActivity"
167-->[com.google.ar:core:1.48.0] AndroidManifest.xml:37:13-62
168            android:configChanges="keyboardHidden|orientation|screenSize"
168-->[com.google.ar:core:1.48.0] AndroidManifest.xml:38:13-74
169            android:excludeFromRecents="true"
169-->[com.google.ar:core:1.48.0] AndroidManifest.xml:39:13-46
170            android:exported="false"
170-->[com.google.ar:core:1.48.0] AndroidManifest.xml:40:13-37
171            android:launchMode="singleTop"
171-->[com.google.ar:core:1.48.0] AndroidManifest.xml:41:13-43
172            android:theme="@android:style/Theme.Material.Light.Dialog.Alert" />
172-->[com.google.ar:core:1.48.0] AndroidManifest.xml:42:13-77
173
174        <service
174-->[com.google.android.datatransport:transport-backend-cct:2.3.3] AndroidManifest.xml:29:9-35:19
175            android:name="com.google.android.datatransport.runtime.backends.TransportBackendDiscovery"
175-->[com.google.android.datatransport:transport-backend-cct:2.3.3] AndroidManifest.xml:30:13-103
176            android:exported="false" >
176-->[com.google.android.datatransport:transport-backend-cct:2.3.3] AndroidManifest.xml:31:13-37
177            <meta-data
177-->[com.google.android.datatransport:transport-backend-cct:2.3.3] AndroidManifest.xml:32:13-34:39
178                android:name="backend:com.google.android.datatransport.cct.CctBackendFactory"
178-->[com.google.android.datatransport:transport-backend-cct:2.3.3] AndroidManifest.xml:33:17-94
179                android:value="cct" />
179-->[com.google.android.datatransport:transport-backend-cct:2.3.3] AndroidManifest.xml:34:17-36
180        </service>
181        <service
181-->[com.google.android.datatransport:transport-runtime:2.2.6] AndroidManifest.xml:26:9-30:19
182            android:name="com.google.android.datatransport.runtime.scheduling.jobscheduling.JobInfoSchedulerService"
182-->[com.google.android.datatransport:transport-runtime:2.2.6] AndroidManifest.xml:27:13-117
183            android:exported="false"
183-->[com.google.android.datatransport:transport-runtime:2.2.6] AndroidManifest.xml:28:13-37
184            android:permission="android.permission.BIND_JOB_SERVICE" >
184-->[com.google.android.datatransport:transport-runtime:2.2.6] AndroidManifest.xml:29:13-69
185        </service>
186
187        <receiver
187-->[com.google.android.datatransport:transport-runtime:2.2.6] AndroidManifest.xml:32:9-34:40
188            android:name="com.google.android.datatransport.runtime.scheduling.jobscheduling.AlarmManagerSchedulerBroadcastReceiver"
188-->[com.google.android.datatransport:transport-runtime:2.2.6] AndroidManifest.xml:33:13-132
189            android:exported="false" />
189-->[com.google.android.datatransport:transport-runtime:2.2.6] AndroidManifest.xml:34:13-37
190    </application>
191
192</manifest>